<?xml version="1.0" encoding="UTF-8"?>
<!-- Generated by org.testng.reporters.JUnitReportReporter -->
<testsuite hostname="lenovo-ThinkPad-T430" failures="0" tests="2" name="elk_functionality.Kibanaboard" time="164.957" errors="0" timestamp="2020-10-14T10:10:32 IST" skipped="0">
  <testcase classname="elk_functionality.Kibanaboard" name="CreateIndexPattern" time="140.534"/>
  <system-out/>
  <testcase classname="elk_functionality.Kibanaboard" name="filemetricbeat" time="24.423"/>
  <system-out/>
</testsuite> <!-- elk_functionality.Kibanaboard -->
