<?xml version="1.0" encoding="UTF-8"?>
<!-- Generated by org.testng.reporters.JUnitReportReporter -->
<testsuite hostname="MYSGEC323900D" name="elk_functionality.Kibanaboard" tests="2" failures="0" timestamp="7 Oct 2020 17:02:26 GMT" time="37.808" errors="0">
  <testcase name="CreateIndexPattern" time="27.088" classname="elk_functionality.Kibanaboard"/>
  <testcase name="filemetricbeat" time="10.720" classname="elk_functionality.Kibanaboard"/>
</testsuite> <!-- elk_functionality.Kibanaboard -->
